# JRE version: OpenJDK Runtime Environment Temurin-21.0.9+10 (21.0.9+10) (build 21.0.9+10-LTS)
# Java VM: OpenJDK 64-Bit Server VM Temurin-21.0.9+10 (21.0.9+10-LTS, mixed mode, sharing, tiered, compressed oops, compressed class ptrs, parallel gc, windows-amd64)
GC Precious Log:
 CardTable entry size: 512
 CPUs: 12 total, 12 available
 Memory: 23895M
 Large Page Support: Disabled
 NUMA Support: Disabled
 Compressed Oops: Enabled (32-bit)
 Alignments: Space 512K, Generation 512K, Heap 2M
 Heap Min Capacity: 100M
 Heap Initial Capacity: 100M
 Heap Max Capacity: 2G
 Pre-touch: Disabled
 Parallel Workers: 10
Heap:
 PSYoungGen      total 12288K, used 1808K [0x00000000d5580000, 0x00000000d6900000, 0x0000000100000000)
  eden space 10752K, 6% used [0x00000000d5580000,0x00000000d5624190,0x00000000d6000000)
  from space 1536K, 75% used [0x00000000d6080000,0x00000000d61a0010,0x00000000d6200000)
  to   space 3072K, 0% used [0x00000000d6600000,0x00000000d6600000,0x00000000d6900000)
 ParOldGen       total 569344K, used 569326K [0x0000000080000000, 0x00000000a2c00000, 0x00000000d5580000)
  object space 569344K, 99% used [0x0000000080000000,0x00000000a2bfb998,0x00000000a2c00000)
 Metaspace       used 36171K, committed 37440K, reserved 1114112K
  class space    used 2756K, committed 3328K, reserved 1048576K
GC Heap History (20 events):
Event: 1188.502 GC heap before
{Heap before GC invocations=3364 (full 8):
 PSYoungGen      total 11264K, used 11159K [0x00000000d5580000, 0x00000000d6b00000, 0x0000000100000000)
  eden space 9728K, 99% used [0x00000000d5580000,0x00000000d5eea1d8,0x00000000d5f00000)
  from space 1536K, 98% used [0x00000000d5f00000,0x00000000d607bc08,0x00000000d6080000)
  to   space 5632K, 0% used [0x00000000d6580000,0x00000000d6580000,0x00000000d6b00000)
 ParOldGen       total 551424K, used 550919K [0x0000000080000000, 0x00000000a1a80000, 0x00000000d5580000)
  object space 551424K, 99% used [0x0000000080000000,0x00000000a1a01ea8,0x00000000a1a80000)
 Metaspace       used 36145K, committed 37440K, reserved 1114112K
  class space    used 2756K, committed 3328K, reserved 1048576K
}
Event: 1188.508 GC heap after
{Heap after GC invocations=3364 (full 8):
 PSYoungGen      total 14336K, used 5621K [0x00000000d5580000, 0x00000000d6f00000, 0x0000000100000000)
  eden space 8704K, 0% used [0x00000000d5580000,0x00000000d5580000,0x00000000d5e00000)
  from space 5632K, 99% used [0x00000000d6580000,0x00000000d6afd650,0x00000000d6b00000)
  to   space 7680K, 0% used [0x00000000d5e00000,0x00000000d5e00000,0x00000000d6580000)
 ParOldGen       total 552448K, used 552356K [0x0000000080000000, 0x00000000a1b80000, 0x00000000d5580000)
  object space 552448K, 99% used [0x0000000080000000,0x00000000a1b69020,0x00000000a1b80000)
 Metaspace       used 36145K, committed 37440K, reserved 1114112K
  class space    used 2756K, committed 3328K, reserved 1048576K
}
Event: 1188.588 GC heap before
{Heap before GC invocations=3365 (full 8):
 PSYoungGen      total 14336K, used 14325K [0x00000000d5580000, 0x00000000d6f00000, 0x0000000100000000)
  eden space 8704K, 100% used [0x00000000d5580000,0x00000000d5e00000,0x00000000d5e00000)
  from space 5632K, 99% used [0x00000000d6580000,0x00000000d6afd650,0x00000000d6b00000)
  to   space 7680K, 0% used [0x00000000d5e00000,0x00000000d5e00000,0x00000000d6580000)
 ParOldGen       total 552448K, used 552356K [0x0000000080000000, 0x00000000a1b80000, 0x00000000d5580000)
  object space 552448K, 99% used [0x0000000080000000,0x00000000a1b69020,0x00000000a1b80000)
 Metaspace       used 36145K, committed 37440K, reserved 1114112K
  class space    used 2756K, committed 3328K, reserved 1048576K
}
Event: 1188.594 GC heap after
{Heap after GC invocations=3365 (full 8):
 PSYoungGen      total 16384K, used 5690K [0x00000000d5580000, 0x00000000d6c00000, 0x0000000100000000)
  eden space 8704K, 0% used [0x00000000d5580000,0x00000000d5580000,0x00000000d5e00000)
  from space 7680K, 74% used [0x00000000d5e00000,0x00000000d638e910,0x00000000d6580000)
  to   space 6656K, 0% used [0x00000000d6580000,0x00000000d6580000,0x00000000d6c00000)
 ParOldGen       total 558080K, used 557945K [0x0000000080000000, 0x00000000a2100000, 0x00000000d5580000)
  object space 558080K, 99% used [0x0000000080000000,0x00000000a20de650,0x00000000a2100000)
 Metaspace       used 36145K, committed 37440K, reserved 1114112K
  class space    used 2756K, committed 3328K, reserved 1048576K
}
Event: 1188.875 GC heap before
{Heap before GC invocations=3366 (full 8):
 PSYoungGen      total 16384K, used 14394K [0x00000000d5580000, 0x00000000d6c00000, 0x0000000100000000)
  eden space 8704K, 100% used [0x00000000d5580000,0x00000000d5e00000,0x00000000d5e00000)
  from space 7680K, 74% used [0x00000000d5e00000,0x00000000d638e910,0x00000000d6580000)
  to   space 6656K, 0% used [0x00000000d6580000,0x00000000d6580000,0x00000000d6c00000)
 ParOldGen       total 558080K, used 557945K [0x0000000080000000, 0x00000000a2100000, 0x00000000d5580000)
  object space 558080K, 99% used [0x0000000080000000,0x00000000a20de650,0x00000000a2100000)
 Metaspace       used 36145K, committed 37440K, reserved 1114112K
  class space    used 2756K, committed 3328K, reserved 1048576K
}
Event: 1188.880 GC heap after
{Heap after GC invocations=3366 (full 8):
 PSYoungGen      total 16384K, used 6296K [0x00000000d5580000, 0x00000000d6c00000, 0x0000000100000000)
  eden space 9728K, 0% used [0x00000000d5580000,0x00000000d5580000,0x00000000d5f00000)
  from space 6656K, 94% used [0x00000000d6580000,0x00000000d6ba6280,0x00000000d6c00000)
  to   space 6656K, 0% used [0x00000000d5f00000,0x00000000d5f00000,0x00000000d6580000)
 ParOldGen       total 558080K, used 557945K [0x0000000080000000, 0x00000000a2100000, 0x00000000d5580000)
  object space 558080K, 99% used [0x0000000080000000,0x00000000a20de650,0x00000000a2100000)
 Metaspace       used 36145K, committed 37440K, reserved 1114112K
  class space    used 2756K, committed 3328K, reserved 1048576K
}
Event: 1189.586 GC heap before
{Heap before GC invocations=3367 (full 8):
 PSYoungGen      total 16384K, used 16024K [0x00000000d5580000, 0x00000000d6c00000, 0x0000000100000000)
  eden space 9728K, 100% used [0x00000000d5580000,0x00000000d5f00000,0x00000000d5f00000)
  from space 6656K, 94% used [0x00000000d6580000,0x00000000d6ba6280,0x00000000d6c00000)
  to   space 6656K, 0% used [0x00000000d5f00000,0x00000000d5f00000,0x00000000d6580000)
 ParOldGen       total 558080K, used 557945K [0x0000000080000000, 0x00000000a2100000, 0x00000000d5580000)
  object space 558080K, 99% used [0x0000000080000000,0x00000000a20de650,0x00000000a2100000)
 Metaspace       used 36145K, committed 37440K, reserved 1114112K
  class space    used 2756K, committed 3328K, reserved 1048576K
}
Event: 1189.591 GC heap after
{Heap after GC invocations=3367 (full 8):
 PSYoungGen      total 13824K, used 3909K [0x00000000d5580000, 0x00000000d6900000, 0x0000000100000000)
  eden space 9728K, 0% used [0x00000000d5580000,0x00000000d5580000,0x00000000d5f00000)
  from space 4096K, 95% used [0x00000000d5f00000,0x00000000d62d1430,0x00000000d6300000)
  to   space 5120K, 0% used [0x00000000d6400000,0x00000000d6400000,0x00000000d6900000)
 ParOldGen       total 558080K, used 557945K [0x0000000080000000, 0x00000000a2100000, 0x00000000d5580000)
  object space 558080K, 99% used [0x0000000080000000,0x00000000a20de650,0x00000000a2100000)
 Metaspace       used 36145K, committed 37440K, reserved 1114112K
  class space    used 2756K, committed 3328K, reserved 1048576K
}
Event: 1189.637 GC heap before
{Heap before GC invocations=3368 (full 8):
 PSYoungGen      total 13824K, used 13593K [0x00000000d5580000, 0x00000000d6900000, 0x0000000100000000)
  eden space 9728K, 99% used [0x00000000d5580000,0x00000000d5ef5360,0x00000000d5f00000)
  from space 4096K, 95% used [0x00000000d5f00000,0x00000000d62d1430,0x00000000d6300000)
  to   space 5120K, 0% used [0x00000000d6400000,0x00000000d6400000,0x00000000d6900000)
 ParOldGen       total 558080K, used 557945K [0x0000000080000000, 0x00000000a2100000, 0x00000000d5580000)
  object space 558080K, 99% used [0x0000000080000000,0x00000000a20de650,0x00000000a2100000)
 Metaspace       used 36145K, committed 37440K, reserved 1114112K
  class space    used 2756K, committed 3328K, reserved 1048576K
}
Event: 1189.641 GC heap after
{Heap after GC invocations=3368 (full 8):
 PSYoungGen      total 13824K, used 5115K [0x00000000d5580000, 0x00000000d6b00000, 0x0000000100000000)
  eden space 8704K, 0% used [0x00000000d5580000,0x00000000d5580000,0x00000000d5e00000)
  from space 5120K, 99% used [0x00000000d6400000,0x00000000d68fefa8,0x00000000d6900000)
  to   space 6144K, 0% used [0x00000000d5e00000,0x00000000d5e00000,0x00000000d6400000)
 ParOldGen       total 558592K, used 558449K [0x0000000080000000, 0x00000000a2180000, 0x00000000d5580000)
  object space 558592K, 99% used [0x0000000080000000,0x00000000a215c670,0x00000000a2180000)
 Metaspace       used 36145K, committed 37440K, reserved 1114112K
  class space    used 2756K, committed 3328K, reserved 1048576K
}
Event: 1189.697 GC heap before
{Heap before GC invocations=3369 (full 8):
 PSYoungGen      total 13824K, used 13819K [0x00000000d5580000, 0x00000000d6b00000, 0x0000000100000000)
  eden space 8704K, 100% used [0x00000000d5580000,0x00000000d5e00000,0x00000000d5e00000)
  from space 5120K, 99% used [0x00000000d6400000,0x00000000d68fefa8,0x00000000d6900000)
  to   space 6144K, 0% used [0x00000000d5e00000,0x00000000d5e00000,0x00000000d6400000)
 ParOldGen       total 558592K, used 558449K [0x0000000080000000, 0x00000000a2180000, 0x00000000d5580000)
  object space 558592K, 99% used [0x0000000080000000,0x00000000a215c670,0x00000000a2180000)
 Metaspace       used 36148K, committed 37440K, reserved 1114112K
  class space    used 2756K, committed 3328K, reserved 1048576K
}
Event: 1189.704 GC heap after
{Heap after GC invocations=3369 (full 8):
 PSYoungGen      total 14848K, used 6129K [0x00000000d5580000, 0x00000000d7900000, 0x0000000100000000)
  eden space 8704K, 0% used [0x00000000d5580000,0x00000000d5580000,0x00000000d5e00000)
  from space 6144K, 99% used [0x00000000d5e00000,0x00000000d63fc558,0x00000000d6400000)
  to   space 13312K, 0% used [0x00000000d6c00000,0x00000000d6c00000,0x00000000d7900000)
 ParOldGen       total 564736K, used 564303K [0x0000000080000000, 0x00000000a2780000, 0x00000000d5580000)
  object space 564736K, 99% used [0x0000000080000000,0x00000000a2713c48,0x00000000a2780000)
 Metaspace       used 36148K, committed 37440K, reserved 1114112K
  class space    used 2756K, committed 3328K, reserved 1048576K
}
Event: 1189.879 GC heap before
{Heap before GC invocations=3370 (full 8):
 PSYoungGen      total 14848K, used 14833K [0x00000000d5580000, 0x00000000d7900000, 0x0000000100000000)
  eden space 8704K, 100% used [0x00000000d5580000,0x00000000d5e00000,0x00000000d5e00000)
  from space 6144K, 99% used [0x00000000d5e00000,0x00000000d63fc558,0x00000000d6400000)
  to   space 13312K, 0% used [0x00000000d6c00000,0x00000000d6c00000,0x00000000d7900000)
 ParOldGen       total 564736K, used 564303K [0x0000000080000000, 0x00000000a2780000, 0x00000000d5580000)
  object space 564736K, 99% used [0x0000000080000000,0x00000000a2713c48,0x00000000a2780000)
 Metaspace       used 36149K, committed 37440K, reserved 1114112K
  class space    used 2756K, committed 3328K, reserved 1048576K
}
Event: 1189.883 GC heap after
{Heap after GC invocations=3370 (full 8):
 PSYoungGen      total 14848K, used 5014K [0x00000000d5580000, 0x00000000d7100000, 0x0000000100000000)
  eden space 9728K, 0% used [0x00000000d5580000,0x00000000d5580000,0x00000000d5f00000)
  from space 5120K, 97% used [0x00000000d6c00000,0x00000000d70e5808,0x00000000d7100000)
  to   space 7680K, 0% used [0x00000000d6200000,0x00000000d6200000,0x00000000d6980000)
 ParOldGen       total 567296K, used 566851K [0x0000000080000000, 0x00000000a2a00000, 0x00000000d5580000)
  object space 567296K, 99% used [0x0000000080000000,0x00000000a2990f60,0x00000000a2a00000)
 Metaspace       used 36149K, committed 37440K, reserved 1114112K
  class space    used 2756K, committed 3328K, reserved 1048576K
}
Event: 1191.951 GC heap before
{Heap before GC invocations=3371 (full 8):
 PSYoungGen      total 14848K, used 14741K [0x00000000d5580000, 0x00000000d7100000, 0x0000000100000000)
  eden space 9728K, 99% used [0x00000000d5580000,0x00000000d5effd60,0x00000000d5f00000)
  from space 5120K, 97% used [0x00000000d6c00000,0x00000000d70e5808,0x00000000d7100000)
  to   space 7680K, 0% used [0x00000000d6200000,0x00000000d6200000,0x00000000d6980000)
 ParOldGen       total 567296K, used 566851K [0x0000000080000000, 0x00000000a2a00000, 0x00000000d5580000)
  object space 567296K, 99% used [0x0000000080000000,0x00000000a2990f60,0x00000000a2a00000)
 Metaspace       used 36149K, committed 37440K, reserved 1114112K
  class space    used 2756K, committed 3328K, reserved 1048576K
}
Event: 1191.957 GC heap after
{Heap after GC invocations=3371 (full 8):
 PSYoungGen      total 12800K, used 2847K [0x00000000d5580000, 0x00000000d6c80000, 0x0000000100000000)
  eden space 9728K, 0% used [0x00000000d5580000,0x00000000d5580000,0x00000000d5f00000)
  from space 3072K, 92% used [0x00000000d6200000,0x00000000d64c7c18,0x00000000d6500000)
  to   space 4096K, 0% used [0x00000000d6880000,0x00000000d6880000,0x00000000d6c80000)
 ParOldGen       total 567296K, used 566851K [0x0000000080000000, 0x00000000a2a00000, 0x00000000d5580000)
  object space 567296K, 99% used [0x0000000080000000,0x00000000a2990f60,0x00000000a2a00000)
 Metaspace       used 36149K, committed 37440K, reserved 1114112K
  class space    used 2756K, committed 3328K, reserved 1048576K
}
Event: 1192.008 GC heap before
{Heap before GC invocations=3372 (full 8):
 PSYoungGen      total 12800K, used 12547K [0x00000000d5580000, 0x00000000d6c80000, 0x0000000100000000)
  eden space 9728K, 99% used [0x00000000d5580000,0x00000000d5ef9238,0x00000000d5f00000)
  from space 3072K, 92% used [0x00000000d6200000,0x00000000d64c7c18,0x00000000d6500000)
  to   space 4096K, 0% used [0x00000000d6880000,0x00000000d6880000,0x00000000d6c80000)
 ParOldGen       total 567296K, used 566851K [0x0000000080000000, 0x00000000a2a00000, 0x00000000d5580000)
  object space 567296K, 99% used [0x0000000080000000,0x00000000a2990f60,0x00000000a2a00000)
 Metaspace       used 36149K, committed 37440K, reserved 1114112K
  class space    used 2756K, committed 3328K, reserved 1048576K
}
Event: 1192.014 GC heap after
{Heap after GC invocations=3372 (full 8):
 PSYoungGen      total 14848K, used 4095K [0x00000000d5580000, 0x00000000d6c80000, 0x0000000100000000)
  eden space 10752K, 0% used [0x00000000d5580000,0x00000000d5580000,0x00000000d6000000)
  from space 4096K, 99% used [0x00000000d6880000,0x00000000d6c7ff08,0x00000000d6c80000)
  to   space 6144K, 0% used [0x00000000d6080000,0x00000000d6080000,0x00000000d6680000)
 ParOldGen       total 568320K, used 568318K [0x0000000080000000, 0x00000000a2b00000, 0x00000000d5580000)
  object space 568320K, 99% used [0x0000000080000000,0x00000000a2aff998,0x00000000a2b00000)
 Metaspace       used 36149K, committed 37440K, reserved 1114112K
  class space    used 2756K, committed 3328K, reserved 1048576K
}
Event: 1193.126 GC heap before
{Heap before GC invocations=3373 (full 8):
 PSYoungGen      total 14848K, used 14847K [0x00000000d5580000, 0x00000000d6c80000, 0x0000000100000000)
  eden space 10752K, 100% used [0x00000000d5580000,0x00000000d6000000,0x00000000d6000000)
  from space 4096K, 99% used [0x00000000d6880000,0x00000000d6c7ff08,0x00000000d6c80000)
  to   space 6144K, 0% used [0x00000000d6080000,0x00000000d6080000,0x00000000d6680000)
 ParOldGen       total 568320K, used 568318K [0x0000000080000000, 0x00000000a2b00000, 0x00000000d5580000)
  object space 568320K, 99% used [0x0000000080000000,0x00000000a2aff998,0x00000000a2b00000)
 Metaspace       used 36171K, committed 37440K, reserved 1114112K
  class space    used 2756K, committed 3328K, reserved 1048576K
}
Event: 1193.132 GC heap after
{Heap after GC invocations=3373 (full 8):
 PSYoungGen      total 12288K, used 1152K [0x00000000d5580000, 0x00000000d6900000, 0x0000000100000000)
  eden space 10752K, 0% used [0x00000000d5580000,0x00000000d5580000,0x00000000d6000000)
  from space 1536K, 75% used [0x00000000d6080000,0x00000000d61a0010,0x00000000d6200000)
  to   space 3072K, 0% used [0x00000000d6600000,0x00000000d6600000,0x00000000d6900000)
 ParOldGen       total 569344K, used 569326K [0x0000000080000000, 0x00000000a2c00000, 0x00000000d5580000)
  object space 569344K, 99% used [0x0000000080000000,0x00000000a2bfb998,0x00000000a2c00000)
 Metaspace       used 36171K, committed 37440K, reserved 1114112K
  class space    used 2756K, committed 3328K, reserved 1048576K
}

